mode: set
github.com/nedokyrill/avito-pr-api/internal/storage/userStorage/user_storage.go:18.49,22.2 1 1
github.com/nedokyrill/avito-pr-api/internal/storage/userStorage/user_storage.go:24.93,26.16 2 1
github.com/nedokyrill/avito-pr-api/internal/storage/userStorage/user_storage.go:26.16,28.3 1 1
github.com/nedokyrill/avito-pr-api/internal/storage/userStorage/user_storage.go:30.2,41.16 6 1
github.com/nedokyrill/avito-pr-api/internal/storage/userStorage/user_storage.go:41.16,43.3 1 1
github.com/nedokyrill/avito-pr-api/internal/storage/userStorage/user_storage.go:45.2,52.18 2 1
github.com/nedokyrill/avito-pr-api/internal/storage/userStorage/user_storage.go:55.96,57.16 2 1
github.com/nedokyrill/avito-pr-api/internal/storage/userStorage/user_storage.go:57.16,59.3 1 1
github.com/nedokyrill/avito-pr-api/internal/storage/userStorage/user_storage.go:61.2,67.16 3 1
github.com/nedokyrill/avito-pr-api/internal/storage/userStorage/user_storage.go:67.16,69.3 1 0
github.com/nedokyrill/avito-pr-api/internal/storage/userStorage/user_storage.go:71.2,71.12 1 1
github.com/nedokyrill/avito-pr-api/internal/storage/mocks/storage_mock.go:28.91,32.2 3 0
github.com/nedokyrill/avito-pr-api/internal/storage/mocks/storage_mock.go:35.89,37.2 1 0
github.com/nedokyrill/avito-pr-api/internal/storage/mocks/storage_mock.go:40.147,46.2 5 0
github.com/nedokyrill/avito-pr-api/internal/storage/mocks/storage_mock.go:49.123,52.2 2 0
github.com/nedokyrill/avito-pr-api/internal/storage/mocks/storage_mock.go:55.113,61.2 5 0
github.com/nedokyrill/avito-pr-api/internal/storage/mocks/storage_mock.go:64.106,67.2 2 0
github.com/nedokyrill/avito-pr-api/internal/storage/mocks/storage_mock.go:81.91,85.2 3 0
github.com/nedokyrill/avito-pr-api/internal/storage/mocks/storage_mock.go:88.89,90.2 1 0
github.com/nedokyrill/avito-pr-api/internal/storage/mocks/storage_mock.go:93.109,99.2 5 0
github.com/nedokyrill/avito-pr-api/internal/storage/mocks/storage_mock.go:102.102,105.2 2 0
github.com/nedokyrill/avito-pr-api/internal/storage/mocks/storage_mock.go:108.112,113.2 4 0
github.com/nedokyrill/avito-pr-api/internal/storage/mocks/storage_mock.go:116.116,119.2 2 0
github.com/nedokyrill/avito-pr-api/internal/storage/mocks/storage_mock.go:133.105,137.2 3 0
github.com/nedokyrill/avito-pr-api/internal/storage/mocks/storage_mock.go:140.103,142.2 1 0
github.com/nedokyrill/avito-pr-api/internal/storage/mocks/storage_mock.go:145.174,150.2 4 0
github.com/nedokyrill/avito-pr-api/internal/storage/mocks/storage_mock.go:153.156,156.2 2 0
github.com/nedokyrill/avito-pr-api/internal/storage/mocks/storage_mock.go:159.128,165.2 5 0
github.com/nedokyrill/avito-pr-api/internal/storage/mocks/storage_mock.go:168.114,171.2 2 0
github.com/nedokyrill/avito-pr-api/internal/storage/mocks/storage_mock.go:174.103,179.2 4 0
github.com/nedokyrill/avito-pr-api/internal/storage/mocks/storage_mock.go:182.112,185.2 2 0
github.com/nedokyrill/avito-pr-api/internal/storage/mocks/storage_mock.go:188.122,193.2 4 0
github.com/nedokyrill/avito-pr-api/internal/storage/mocks/storage_mock.go:196.126,199.2 2 0
github.com/nedokyrill/avito-pr-api/internal/storage/mocks/storage_mock.go:213.105,217.2 3 0
github.com/nedokyrill/avito-pr-api/internal/storage/mocks/storage_mock.go:220.103,222.2 1 0
github.com/nedokyrill/avito-pr-api/internal/storage/mocks/storage_mock.go:225.119,231.2 5 0
github.com/nedokyrill/avito-pr-api/internal/storage/mocks/storage_mock.go:234.116,237.2 2 0
github.com/nedokyrill/avito-pr-api/internal/storage/mocks/storage_mock.go:240.134,246.2 5 0
github.com/nedokyrill/avito-pr-api/internal/storage/mocks/storage_mock.go:249.114,252.2 2 0
github.com/nedokyrill/avito-pr-api/internal/storage/mocks/storage_mock.go:255.139,260.2 4 0
github.com/nedokyrill/avito-pr-api/internal/storage/mocks/storage_mock.go:263.148,266.2 2 0
github.com/nedokyrill/avito-pr-api/internal/storage/prReviewersStorage/pr_reviewers_storage.go:19.63,23.2 1 1
github.com/nedokyrill/avito-pr-api/internal/storage/prReviewersStorage/pr_reviewers_storage.go:25.103,27.16 2 1
github.com/nedokyrill/avito-pr-api/internal/storage/prReviewersStorage/pr_reviewers_storage.go:27.16,29.3 1 1
github.com/nedokyrill/avito-pr-api/internal/storage/prReviewersStorage/pr_reviewers_storage.go:31.2,38.16 3 1
github.com/nedokyrill/avito-pr-api/internal/storage/prReviewersStorage/pr_reviewers_storage.go:38.16,40.3 1 0
github.com/nedokyrill/avito-pr-api/internal/storage/prReviewersStorage/pr_reviewers_storage.go:41.2,44.18 3 1
github.com/nedokyrill/avito-pr-api/internal/storage/prReviewersStorage/pr_reviewers_storage.go:44.18,46.49 2 1
github.com/nedokyrill/avito-pr-api/internal/storage/prReviewersStorage/pr_reviewers_storage.go:46.49,48.4 1 0
github.com/nedokyrill/avito-pr-api/internal/storage/prReviewersStorage/pr_reviewers_storage.go:49.3,49.55 1 1
github.com/nedokyrill/avito-pr-api/internal/storage/prReviewersStorage/pr_reviewers_storage.go:52.2,52.34 1 1
github.com/nedokyrill/avito-pr-api/internal/storage/prReviewersStorage/pr_reviewers_storage.go:52.34,54.3 1 0
github.com/nedokyrill/avito-pr-api/internal/storage/prReviewersStorage/pr_reviewers_storage.go:56.2,56.23 1 1
github.com/nedokyrill/avito-pr-api/internal/storage/prReviewersStorage/pr_reviewers_storage.go:59.118,61.16 2 1
github.com/nedokyrill/avito-pr-api/internal/storage/prReviewersStorage/pr_reviewers_storage.go:61.16,63.3 1 1
github.com/nedokyrill/avito-pr-api/internal/storage/prReviewersStorage/pr_reviewers_storage.go:65.2,73.16 3 1
github.com/nedokyrill/avito-pr-api/internal/storage/prReviewersStorage/pr_reviewers_storage.go:73.16,75.3 1 0
github.com/nedokyrill/avito-pr-api/internal/storage/prReviewersStorage/pr_reviewers_storage.go:76.2,79.18 3 1
github.com/nedokyrill/avito-pr-api/internal/storage/prReviewersStorage/pr_reviewers_storage.go:79.18,85.72 5 1
github.com/nedokyrill/avito-pr-api/internal/storage/prReviewersStorage/pr_reviewers_storage.go:85.72,87.4 1 0
github.com/nedokyrill/avito-pr-api/internal/storage/prReviewersStorage/pr_reviewers_storage.go:89.3,94.5 1 1
github.com/nedokyrill/avito-pr-api/internal/storage/prReviewersStorage/pr_reviewers_storage.go:97.2,97.34 1 1
github.com/nedokyrill/avito-pr-api/internal/storage/prReviewersStorage/pr_reviewers_storage.go:97.34,99.3 1 0
github.com/nedokyrill/avito-pr-api/internal/storage/prReviewersStorage/pr_reviewers_storage.go:101.2,101.17 1 1
github.com/nedokyrill/avito-pr-api/internal/storage/prReviewersStorage/pr_reviewers_storage.go:105.123,107.16 2 1
github.com/nedokyrill/avito-pr-api/internal/storage/prReviewersStorage/pr_reviewers_storage.go:107.16,109.3 1 1
github.com/nedokyrill/avito-pr-api/internal/storage/prReviewersStorage/pr_reviewers_storage.go:111.2,112.16 2 1
github.com/nedokyrill/avito-pr-api/internal/storage/prReviewersStorage/pr_reviewers_storage.go:112.16,114.3 1 1
github.com/nedokyrill/avito-pr-api/internal/storage/prReviewersStorage/pr_reviewers_storage.go:116.2,117.16 2 1
github.com/nedokyrill/avito-pr-api/internal/storage/prReviewersStorage/pr_reviewers_storage.go:117.16,119.3 1 1
github.com/nedokyrill/avito-pr-api/internal/storage/prReviewersStorage/pr_reviewers_storage.go:121.2,122.16 2 1
github.com/nedokyrill/avito-pr-api/internal/storage/prReviewersStorage/pr_reviewers_storage.go:122.16,124.3 1 0
github.com/nedokyrill/avito-pr-api/internal/storage/prReviewersStorage/pr_reviewers_storage.go:125.2,125.15 1 1
github.com/nedokyrill/avito-pr-api/internal/storage/prReviewersStorage/pr_reviewers_storage.go:125.15,125.39 1 1
github.com/nedokyrill/avito-pr-api/internal/storage/prReviewersStorage/pr_reviewers_storage.go:128.2,130.16 3 1
github.com/nedokyrill/avito-pr-api/internal/storage/prReviewersStorage/pr_reviewers_storage.go:130.16,132.3 1 1
github.com/nedokyrill/avito-pr-api/internal/storage/prReviewersStorage/pr_reviewers_storage.go:135.2,139.16 3 1
github.com/nedokyrill/avito-pr-api/internal/storage/prReviewersStorage/pr_reviewers_storage.go:139.16,141.3 1 1
github.com/nedokyrill/avito-pr-api/internal/storage/prReviewersStorage/pr_reviewers_storage.go:144.2,144.38 1 1
github.com/nedokyrill/avito-pr-api/internal/storage/prReviewersStorage/pr_reviewers_storage.go:144.38,146.3 1 1
github.com/nedokyrill/avito-pr-api/internal/storage/prReviewersStorage/pr_reviewers_storage.go:148.2,148.12 1 1
github.com/nedokyrill/avito-pr-api/internal/storage/teamStorage/team_storage.go:20.49,24.2 1 1
github.com/nedokyrill/avito-pr-api/internal/storage/teamStorage/team_storage.go:26.97,30.16 4 1
github.com/nedokyrill/avito-pr-api/internal/storage/teamStorage/team_storage.go:30.16,31.36 1 1
github.com/nedokyrill/avito-pr-api/internal/storage/teamStorage/team_storage.go:31.36,33.4 1 1
github.com/nedokyrill/avito-pr-api/internal/storage/teamStorage/team_storage.go:34.3,34.18 1 0
github.com/nedokyrill/avito-pr-api/internal/storage/teamStorage/team_storage.go:37.2,44.16 3 1
github.com/nedokyrill/avito-pr-api/internal/storage/teamStorage/team_storage.go:44.16,45.36 1 0
github.com/nedokyrill/avito-pr-api/internal/storage/teamStorage/team_storage.go:45.36,47.4 1 0
github.com/nedokyrill/avito-pr-api/internal/storage/teamStorage/team_storage.go:48.3,48.18 1 0
github.com/nedokyrill/avito-pr-api/internal/storage/teamStorage/team_storage.go:50.2,53.18 3 1
github.com/nedokyrill/avito-pr-api/internal/storage/teamStorage/team_storage.go:53.18,58.67 4 1
github.com/nedokyrill/avito-pr-api/internal/storage/teamStorage/team_storage.go:58.67,60.4 1 0
github.com/nedokyrill/avito-pr-api/internal/storage/teamStorage/team_storage.go:62.3,66.5 1 1
github.com/nedokyrill/avito-pr-api/internal/storage/teamStorage/team_storage.go:69.2,69.34 1 1
github.com/nedokyrill/avito-pr-api/internal/storage/teamStorage/team_storage.go:69.34,71.3 1 0
github.com/nedokyrill/avito-pr-api/internal/storage/teamStorage/team_storage.go:73.2,78.18 2 1
github.com/nedokyrill/avito-pr-api/internal/storage/teamStorage/team_storage.go:82.131,84.16 2 1
github.com/nedokyrill/avito-pr-api/internal/storage/teamStorage/team_storage.go:84.16,86.3 1 0
github.com/nedokyrill/avito-pr-api/internal/storage/teamStorage/team_storage.go:87.2,87.15 1 1
github.com/nedokyrill/avito-pr-api/internal/storage/teamStorage/team_storage.go:87.15,87.39 1 1
github.com/nedokyrill/avito-pr-api/internal/storage/teamStorage/team_storage.go:90.2,93.16 4 1
github.com/nedokyrill/avito-pr-api/internal/storage/teamStorage/team_storage.go:93.16,95.3 1 1
github.com/nedokyrill/avito-pr-api/internal/storage/teamStorage/team_storage.go:98.2,106.33 2 1
github.com/nedokyrill/avito-pr-api/internal/storage/teamStorage/team_storage.go:106.33,108.22 2 1
github.com/nedokyrill/avito-pr-api/internal/storage/teamStorage/team_storage.go:108.22,110.4 1 1
github.com/nedokyrill/avito-pr-api/internal/storage/teamStorage/team_storage.go:112.3,113.17 2 1
github.com/nedokyrill/avito-pr-api/internal/storage/teamStorage/team_storage.go:113.17,115.4 1 1
github.com/nedokyrill/avito-pr-api/internal/storage/teamStorage/team_storage.go:119.2,119.38 1 1
github.com/nedokyrill/avito-pr-api/internal/storage/teamStorage/team_storage.go:119.38,121.3 1 0
github.com/nedokyrill/avito-pr-api/internal/storage/teamStorage/team_storage.go:123.2,123.20 1 1
github.com/nedokyrill/avito-pr-api/internal/storage/pullRequestStorage/pull_request_storage.go:19.63,23.2 1 1
github.com/nedokyrill/avito-pr-api/internal/storage/pullRequestStorage/pull_request_storage.go:25.112,27.16 2 1
github.com/nedokyrill/avito-pr-api/internal/storage/pullRequestStorage/pull_request_storage.go:27.16,29.3 1 1
github.com/nedokyrill/avito-pr-api/internal/storage/pullRequestStorage/pull_request_storage.go:31.2,43.16 8 1
github.com/nedokyrill/avito-pr-api/internal/storage/pullRequestStorage/pull_request_storage.go:43.16,45.3 1 1
github.com/nedokyrill/avito-pr-api/internal/storage/pullRequestStorage/pull_request_storage.go:47.2,57.16 2 1
github.com/nedokyrill/avito-pr-api/internal/storage/pullRequestStorage/pull_request_storage.go:60.87,62.16 2 1
github.com/nedokyrill/avito-pr-api/internal/storage/pullRequestStorage/pull_request_storage.go:62.16,64.3 1 1
github.com/nedokyrill/avito-pr-api/internal/storage/pullRequestStorage/pull_request_storage.go:66.2,74.16 4 1
github.com/nedokyrill/avito-pr-api/internal/storage/pullRequestStorage/pull_request_storage.go:74.16,76.3 1 0
github.com/nedokyrill/avito-pr-api/internal/storage/pullRequestStorage/pull_request_storage.go:78.2,78.12 1 1
github.com/nedokyrill/avito-pr-api/internal/storage/pullRequestStorage/pull_request_storage.go:80.106,82.16 2 1
github.com/nedokyrill/avito-pr-api/internal/storage/pullRequestStorage/pull_request_storage.go:82.16,84.3 1 1
github.com/nedokyrill/avito-pr-api/internal/storage/pullRequestStorage/pull_request_storage.go:86.2,89.16 3 1
github.com/nedokyrill/avito-pr-api/internal/storage/pullRequestStorage/pull_request_storage.go:89.16,91.3 1 0
github.com/nedokyrill/avito-pr-api/internal/storage/pullRequestStorage/pull_request_storage.go:93.2,93.12 1 1
github.com/nedokyrill/avito-pr-api/internal/storage/pullRequestStorage/pull_request_storage.go:96.158,98.16 2 1
github.com/nedokyrill/avito-pr-api/internal/storage/pullRequestStorage/pull_request_storage.go:98.16,100.3 1 1
github.com/nedokyrill/avito-pr-api/internal/storage/pullRequestStorage/pull_request_storage.go:102.2,103.16 2 1
github.com/nedokyrill/avito-pr-api/internal/storage/pullRequestStorage/pull_request_storage.go:103.16,105.3 1 1
github.com/nedokyrill/avito-pr-api/internal/storage/pullRequestStorage/pull_request_storage.go:107.2,108.16 2 1
github.com/nedokyrill/avito-pr-api/internal/storage/pullRequestStorage/pull_request_storage.go:108.16,110.3 1 0
github.com/nedokyrill/avito-pr-api/internal/storage/pullRequestStorage/pull_request_storage.go:111.2,111.15 1 1
github.com/nedokyrill/avito-pr-api/internal/storage/pullRequestStorage/pull_request_storage.go:111.15,111.39 1 1
github.com/nedokyrill/avito-pr-api/internal/storage/pullRequestStorage/pull_request_storage.go:113.2,115.16 3 1
github.com/nedokyrill/avito-pr-api/internal/storage/pullRequestStorage/pull_request_storage.go:115.16,117.3 1 1
github.com/nedokyrill/avito-pr-api/internal/storage/pullRequestStorage/pull_request_storage.go:119.2,124.41 3 1
github.com/nedokyrill/avito-pr-api/internal/storage/pullRequestStorage/pull_request_storage.go:124.41,126.22 2 1
github.com/nedokyrill/avito-pr-api/internal/storage/pullRequestStorage/pull_request_storage.go:126.22,128.4 1 1
github.com/nedokyrill/avito-pr-api/internal/storage/pullRequestStorage/pull_request_storage.go:130.3,131.17 2 1
github.com/nedokyrill/avito-pr-api/internal/storage/pullRequestStorage/pull_request_storage.go:131.17,133.4 1 1
github.com/nedokyrill/avito-pr-api/internal/storage/pullRequestStorage/pull_request_storage.go:136.2,136.23 1 1
github.com/nedokyrill/avito-pr-api/internal/storage/pullRequestStorage/pull_request_storage.go:136.23,139.17 3 1
github.com/nedokyrill/avito-pr-api/internal/storage/pullRequestStorage/pull_request_storage.go:139.17,141.4 1 0
github.com/nedokyrill/avito-pr-api/internal/storage/pullRequestStorage/pull_request_storage.go:144.2,144.38 1 1
github.com/nedokyrill/avito-pr-api/internal/storage/pullRequestStorage/pull_request_storage.go:144.38,146.3 1 0
github.com/nedokyrill/avito-pr-api/internal/storage/pullRequestStorage/pull_request_storage.go:148.2,148.12 1 1
